<?xml version="1.0" encoding="UTF-8"?>
<testsuite xmlns:xsi="http://www.w3.org/2001/XMLSchema-instance" xsi:noNamespaceSchemaLocation="https://maven.apache.org/surefire/maven-surefire-plugin/xsd/surefire-test-report-3.0.xsd" version="3.0" name="com.example.vivo_data_presentation_backend.VivoDataPresentationBackendApplicationTests" time="5.806" tests="1" errors="0" skipped="0" failures="0">
  <properties>
[...]
</properties>
  <testcase name="contextLoads" classname="com.example.vivo_data_presentation_backend.VivoDataPresentationBackendApplicationTests" time="1.337">
    <system-out><![CDATA[23:55:24.856 [main] INFO org.springframework.test.context.support.AnnotationConfigContextLoaderUtils -- Could not detect default configuration classes for test class [com.example.vivo_data_presentation_backend.VivoDataPresentationBackendApplicationTests]: VivoDataPresentationBackendApplicationTests does not declare any static, non-private, non-final, nested classes annotated with @Configuration.
23:55:25.417 [main] INFO org.springframework.boot.test.context.SpringBootTestContextBootstrapper -- Found @SpringBootConfiguration com.example.vivo_data_presentation_backend.VivoDataPresentationBackendApplication for test class com.example.vivo_data_presentation_backend.VivoDataPresentationBackendApplicationTests

  .   ____          _            __ _ _
 /\\ / ___'_ __ _ _(_)_ __  __ _ \ \ \ \
( ( )\___ | '_ | '_| | '_ \/ _` | \ \ \ \
 \\/  ___)| |_)| | | | | || (_| |  ) ) ) )
  '  |____| .__|_| |_|_| |_\__, | / / / /
 =========|_|==============|___/=/_/_/_/
 :: Spring Boot ::                (v3.1.5)

2023-11-26T23:55:26.148+08:00  INFO 24488 --- [           main] oDataPresentationBackendApplicationTests : Starting VivoDataPresentationBackendApplicationTests using Java 20 with PID 24488 (started by liuwe in C:\Users\liuwe\Desktop\program1\code\Vivo_data_presentation\Vivo_data_presentation_backend)
2023-11-26T23:55:26.150+08:00  INFO 24488 --- [           main] oDataPresentationBackendApplicationTests : No active profile set, falling back to 1 default profile: "default"
Logging initialized using 'class org.apache.ibatis.logging.stdout.StdOutImpl' adapter.
Property 'mapperLocations' was not specified.
 _ _   |_  _ _|_. ___ _ |    _ 
| | |\/|_)(_| | |_\  |_)||_|_\ 
     /               |         
                        3.5.3 
Can not find table primary key in Class: "com.example.vivo_data_presentation_backend.domain.AfterSalesFeedback".
2023-11-26T23:55:27.799+08:00  WARN 24488 --- [           main] c.b.m.core.injector.DefaultSqlInjector   : class com.example.vivo_data_presentation_backend.domain.AfterSalesFeedback ,Not found @TableId annotation, Cannot use Mybatis-Plus 'xxById' Method.
Can not find table primary key in Class: "com.example.vivo_data_presentation_backend.domain.PublicOpinionFeedback".
2023-11-26T23:55:27.999+08:00  WARN 24488 --- [           main] c.b.m.core.injector.DefaultSqlInjector   : class com.example.vivo_data_presentation_backend.domain.PublicOpinionFeedback ,Not found @TableId annotation, Cannot use Mybatis-Plus 'xxById' Method.
Can not find table primary key in Class: "com.example.vivo_data_presentation_backend.domain.HighPublicOpinionFeedback".
2023-11-26T23:55:28.079+08:00  WARN 24488 --- [           main] c.b.m.core.injector.DefaultSqlInjector   : class com.example.vivo_data_presentation_backend.domain.HighPublicOpinionFeedback ,Not found @TableId annotation, Cannot use Mybatis-Plus 'xxById' Method.
2023-11-26T23:55:28.786+08:00  INFO 24488 --- [           main] oDataPresentationBackendApplicationTests : Started VivoDataPresentationBackendApplicationTests in 3.074 seconds (process running for 5.529)
]]></system-out>
  </testcase>
</testsuite>